21:05:43 **** Incremental Build of configuration Debug for project ADC_driver ****
make all 
Building file: ../LCD_program.c
Invoking: AVR Compiler
avr-gcc -Wall -g2 -gstabs -O0 -fpack-struct -fshort-enums -ffunction-sections -fdata-sections -std=gnu99 -funsigned-char -funsigned-bitfields -mmcu=atmega32 -DF_CPU=8000000UL -MMD -MP -MF"LCD_program.d" -MT"LCD_program.o" -c -o "LCD_program.o" "../LCD_program.c"
In file included from ../LCD_program.c:6:
e:/embedded_iti/01-embedded systems avr tools/01- imt sdk/imt_sdk_win_64/winavr/lib/gcc/../../avr/include/avr/delay.h:36:2: warning: #warning "This file has been moved to <util/delay.h>."
In file included from e:/embedded_iti/01-embedded systems avr tools/01- imt sdk/imt_sdk_win_64/winavr/lib/gcc/../../avr/include/avr/delay.h:37,
                 from ../LCD_program.c:6:
e:/embedded_iti/01-embedded systems avr tools/01- imt sdk/imt_sdk_win_64/winavr/lib/gcc/../../avr/include/util/delay.h:90:3: warning: #warning "Compiler optimizations disabled; functions from <util/delay.h> won't work as designed"
Finished building: ../LCD_program.c
 
Building target: ADC_driver.elf
Invoking: AVR C Linker
avr-gcc -Wl,-Map,ADC_driver.map -mmcu=atmega32 -o "ADC_driver.elf"  ./ADC_program.o ./DIO_program.o ./LCD_program.o ./main.o   
Finished building target: ADC_driver.elf
 
Invoking: AVR Create Extended Listing
avr-objdump -h -S ADC_driver.elf  >"ADC_driver.lss"
Finished building: ADC_driver.lss
 
Create Flash image (ihex format)
avr-objcopy -R .eeprom -R .fuse -R .lock -R .signature -O ihex ADC_driver.elf  "ADC_driver.hex"
Finished building: ADC_driver.hex
 
Invoking: Print Size
avr-size --format=avr --mcu=atmega32 ADC_driver.elf
AVR Memory Usage
----------------
Device: atmega32

Program:    8740 bytes (26.7% Full)
(.text + .data + .bootloader)

Data:         56 bytes (2.7% Full)
(.data + .bss + .noinit)


Finished building: sizedummy
 

21:05:45 Build Finished (took 1s.224ms)

