21:08:40 **** Incremental Build of configuration Debug for project DCMOTOR_driver ****
make all 
Building file: ../LCD_program.c
Invoking: AVR Compiler
avr-gcc -Wall -g2 -gstabs -O0 -fpack-struct -fshort-enums -ffunction-sections -fdata-sections -std=gnu99 -funsigned-char -funsigned-bitfields -mmcu=atmega32 -DF_CPU=8000000UL -MMD -MP -MF"LCD_program.d" -MT"LCD_program.o" -c -o "LCD_program.o" "../LCD_program.c"
In file included from ../LCD_program.c:6:
e:/embedded_iti/01-embedded systems avr tools/01- imt sdk/imt_sdk_win_64/winavr/lib/gcc/../../avr/include/avr/delay.h:36:2: warning: #warning "This file has been moved to <util/delay.h>."
In file included from e:/embedded_iti/01-embedded systems avr tools/01- imt sdk/imt_sdk_win_64/winavr/lib/gcc/../../avr/include/avr/delay.h:37,
                 from ../LCD_program.c:6:
e:/embedded_iti/01-embedded systems avr tools/01- imt sdk/imt_sdk_win_64/winavr/lib/gcc/../../avr/include/util/delay.h:90:3: warning: #warning "Compiler optimizations disabled; functions from <util/delay.h> won't work as designed"
Finished building: ../LCD_program.c
 
Building file: ../main.c
Invoking: AVR Compiler
avr-gcc -Wall -g2 -gstabs -O0 -fpack-struct -fshort-enums -ffunction-sections -fdata-sections -std=gnu99 -funsigned-char -funsigned-bitfields -mmcu=atmega32 -DF_CPU=8000000UL -MMD -MP -MF"main.d" -MT"main.o" -c -o "main.o" "../main.c"
../main.c: In function 'main':
../main.c:35: warning: pointer targets in passing argument 1 of 'LCD_voidWriteString' differ in signedness
../main.c:39: warning: pointer targets in passing argument 1 of 'LCD_voidWriteString' differ in signedness
../main.c:43: warning: pointer targets in passing argument 1 of 'LCD_voidWriteString' differ in signedness
Finished building: ../main.c
 
Building target: DCMOTOR_driver.elf
Invoking: AVR C Linker
avr-gcc -Wl,-Map,DCMOTOR_driver.map -mmcu=atmega32 -o "DCMOTOR_driver.elf"  ./DCMOTOR_program.o ./DIO_program.o ./LCD_program.o ./main.o   
Finished building target: DCMOTOR_driver.elf
 
Invoking: AVR Create Extended Listing
avr-objdump -h -S DCMOTOR_driver.elf  >"DCMOTOR_driver.lss"
Finished building: DCMOTOR_driver.lss
 
Create Flash image (ihex format)
avr-objcopy -R .eeprom -R .fuse -R .lock -R .signature -O ihex DCMOTOR_driver.elf  "DCMOTOR_driver.hex"
Finished building: DCMOTOR_driver.hex
 
Invoking: Print Size
avr-size --format=avr --mcu=atmega32 DCMOTOR_driver.elf
AVR Memory Usage
----------------
Device: atmega32

Program:    7676 bytes (23.4% Full)
(.text + .data + .bootloader)

Data:         26 bytes (1.3% Full)
(.data + .bss + .noinit)


Finished building: sizedummy
 

21:08:42 Build Finished (took 1s.779ms)

