21:13:12 **** Build of configuration Debug for project final_project_2 ****
make all 
Building file: ../ADC_program.c
Invoking: AVR Compiler
avr-gcc -Wall -g2 -gstabs -O0 -fpack-struct -fshort-enums -ffunction-sections -fdata-sections -std=gnu99 -funsigned-char -funsigned-bitfields -mmcu=atmega32 -DF_CPU=8000000UL -MMD -MP -MF"ADC_program.d" -MT"ADC_program.o" -c -o "ADC_program.o" "../ADC_program.c"
Finished building: ../ADC_program.c
 
Building file: ../DIO_program.c
Invoking: AVR Compiler
avr-gcc -Wall -g2 -gstabs -O0 -fpack-struct -fshort-enums -ffunction-sections -fdata-sections -std=gnu99 -funsigned-char -funsigned-bitfields -mmcu=atmega32 -DF_CPU=8000000UL -MMD -MP -MF"DIO_program.d" -MT"DIO_program.o" -c -o "DIO_program.o" "../DIO_program.c"
Finished building: ../DIO_program.c
 
Building file: ../LCD_program.c
Invoking: AVR Compiler
avr-gcc -Wall -g2 -gstabs -O0 -fpack-struct -fshort-enums -ffunction-sections -fdata-sections -std=gnu99 -funsigned-char -funsigned-bitfields -mmcu=atmega32 -DF_CPU=8000000UL -MMD -MP -MF"LCD_program.d" -MT"LCD_program.o" -c -o "LCD_program.o" "../LCD_program.c"
In file included from ../LCD_program.c:6:
e:/embedded_iti/01-embedded systems avr tools/01- imt sdk/imt_sdk_win_64/winavr/lib/gcc/../../avr/include/avr/delay.h:36:2: warning: #warning "This file has been moved to <util/delay.h>."
In file included from e:/embedded_iti/01-embedded systems avr tools/01- imt sdk/imt_sdk_win_64/winavr/lib/gcc/../../avr/include/avr/delay.h:37,
                 from ../LCD_program.c:6:
e:/embedded_iti/01-embedded systems avr tools/01- imt sdk/imt_sdk_win_64/winavr/lib/gcc/../../avr/include/util/delay.h:90:3: warning: #warning "Compiler optimizations disabled; functions from <util/delay.h> won't work as designed"
Finished building: ../LCD_program.c
 
Building file: ../SERVO_program.c
Invoking: AVR Compiler
avr-gcc -Wall -g2 -gstabs -O0 -fpack-struct -fshort-enums -ffunction-sections -fdata-sections -std=gnu99 -funsigned-char -funsigned-bitfields -mmcu=atmega32 -DF_CPU=8000000UL -MMD -MP -MF"SERVO_program.d" -MT"SERVO_program.o" -c -o "SERVO_program.o" "../SERVO_program.c"
Finished building: ../SERVO_program.c
 
Building file: ../TIMER1_program.c
Invoking: AVR Compiler
avr-gcc -Wall -g2 -gstabs -O0 -fpack-struct -fshort-enums -ffunction-sections -fdata-sections -std=gnu99 -funsigned-char -funsigned-bitfields -mmcu=atmega32 -DF_CPU=8000000UL -MMD -MP -MF"TIMER1_program.d" -MT"TIMER1_program.o" -c -o "TIMER1_program.o" "../TIMER1_program.c"
Finished building: ../TIMER1_program.c
 
Building file: ../TIMER2_program.c
Invoking: AVR Compiler
avr-gcc -Wall -g2 -gstabs -O0 -fpack-struct -fshort-enums -ffunction-sections -fdata-sections -std=gnu99 -funsigned-char -funsigned-bitfields -mmcu=atmega32 -DF_CPU=8000000UL -MMD -MP -MF"TIMER2_program.d" -MT"TIMER2_program.o" -c -o "TIMER2_program.o" "../TIMER2_program.c"
Finished building: ../TIMER2_program.c
 
Building file: ../UART_program.c
Invoking: AVR Compiler
avr-gcc -Wall -g2 -gstabs -O0 -fpack-struct -fshort-enums -ffunction-sections -fdata-sections -std=gnu99 -funsigned-char -funsigned-bitfields -mmcu=atmega32 -DF_CPU=8000000UL -MMD -MP -MF"UART_program.d" -MT"UART_program.o" -c -o "UART_program.o" "../UART_program.c"
Finished building: ../UART_program.c
 
Building file: ../main.c
Invoking: AVR Compiler
avr-gcc -Wall -g2 -gstabs -O0 -fpack-struct -fshort-enums -ffunction-sections -fdata-sections -std=gnu99 -funsigned-char -funsigned-bitfields -mmcu=atmega32 -DF_CPU=8000000UL -MMD -MP -MF"main.d" -MT"main.o" -c -o "main.o" "../main.c"
In file included from ../main.c:16:
e:/embedded_iti/01-embedded systems avr tools/01- imt sdk/imt_sdk_win_64/winavr/lib/gcc/../../avr/include/avr/delay.h:36:2: warning: #warning "This file has been moved to <util/delay.h>."
In file included from e:/embedded_iti/01-embedded systems avr tools/01- imt sdk/imt_sdk_win_64/winavr/lib/gcc/../../avr/include/avr/delay.h:37,
                 from ../main.c:16:
e:/embedded_iti/01-embedded systems avr tools/01- imt sdk/imt_sdk_win_64/winavr/lib/gcc/../../avr/include/util/delay.h:90:3: warning: #warning "Compiler optimizations disabled; functions from <util/delay.h> won't work as designed"
../main.c: In function 'DOOR_LOCK':
../main.c:156: warning: pointer targets in passing argument 1 of 'LCD_voidWriteString' differ in signedness
../main.c:167: warning: pointer targets in passing argument 1 of 'LCD_voidWriteString' differ in signedness
../main.c:172: warning: pointer targets in passing argument 1 of 'LCD_voidWriteString' differ in signedness
../main.c:186: warning: pointer targets in passing argument 1 of 'LCD_voidWriteString' differ in signedness
../main.c:191: warning: pointer targets in passing argument 1 of 'LCD_voidWriteString' differ in signedness
../main.c:202: warning: pointer targets in passing argument 1 of 'LCD_voidWriteString' differ in signedness
../main.c:205: warning: pointer targets in passing argument 1 of 'LCD_voidWriteString' differ in signedness
../main.c:220: warning: pointer targets in passing argument 1 of 'LCD_voidWriteString' differ in signedness
../main.c: In function 'DISPLAY_DATA':
../main.c:257: warning: pointer targets in passing argument 1 of 'LCD_voidWriteString' differ in signedness
../main.c:259: warning: pointer targets in passing argument 1 of 'LCD_voidWriteString' differ in signedness
../main.c:262: warning: pointer targets in passing argument 1 of 'LCD_voidWriteString' differ in signedness
../main.c:264: warning: pointer targets in passing argument 1 of 'LCD_voidWriteString' differ in signedness
Finished building: ../main.c
 
Building target: final_project_2.elf
Invoking: AVR C Linker
avr-gcc -Wl,-Map,final_project_2.map -mmcu=atmega32 -o "final_project_2.elf"  ./ADC_program.o ./DIO_program.o ./LCD_program.o ./SERVO_program.o ./TIMER1_program.o ./TIMER2_program.o ./UART_program.o ./main.o   
Finished building target: final_project_2.elf
 
Invoking: AVR Create Extended Listing
avr-objdump -h -S final_project_2.elf  >"final_project_2.lss"
Finished building: final_project_2.lss
 
Create Flash image (ihex format)
avr-objcopy -R .eeprom -R .fuse -R .lock -R .signature -O ihex final_project_2.elf  "final_project_2.hex"
Finished building: final_project_2.hex
 
Invoking: Print Size
avr-size --format=avr --mcu=atmega32 final_project_2.elf
AVR Memory Usage
----------------
Device: atmega32

Program:   15622 bytes (47.7% Full)
(.text + .data + .bootloader)

Data:        471 bytes (23.0% Full)
(.data + .bss + .noinit)


Finished building: sizedummy
 

21:13:15 Build Finished (took 2s.961ms)

