21:18:38 **** Build of configuration Debug for project ICU_driver ****
make all 
Building file: ../DIO_program.c
Invoking: AVR Compiler
avr-gcc -Wall -g2 -gstabs -O0 -fpack-struct -fshort-enums -ffunction-sections -fdata-sections -std=gnu99 -funsigned-char -funsigned-bitfields -mmcu=atmega32 -DF_CPU=8000000UL -MMD -MP -MF"DIO_program.d" -MT"DIO_program.o" -c -o "DIO_program.o" "../DIO_program.c"
Finished building: ../DIO_program.c
 
Building file: ../GIE_program.c
Invoking: AVR Compiler
avr-gcc -Wall -g2 -gstabs -O0 -fpack-struct -fshort-enums -ffunction-sections -fdata-sections -std=gnu99 -funsigned-char -funsigned-bitfields -mmcu=atmega32 -DF_CPU=8000000UL -MMD -MP -MF"GIE_program.d" -MT"GIE_program.o" -c -o "GIE_program.o" "../GIE_program.c"
Finished building: ../GIE_program.c
 
Building file: ../LCD_program.c
Invoking: AVR Compiler
avr-gcc -Wall -g2 -gstabs -O0 -fpack-struct -fshort-enums -ffunction-sections -fdata-sections -std=gnu99 -funsigned-char -funsigned-bitfields -mmcu=atmega32 -DF_CPU=8000000UL -MMD -MP -MF"LCD_program.d" -MT"LCD_program.o" -c -o "LCD_program.o" "../LCD_program.c"
In file included from ../LCD_program.c:6:
e:/embedded_iti/01-embedded systems avr tools/01- imt sdk/imt_sdk_win_64/winavr/lib/gcc/../../avr/include/avr/delay.h:36:2: warning: #warning "This file has been moved to <util/delay.h>."
In file included from e:/embedded_iti/01-embedded systems avr tools/01- imt sdk/imt_sdk_win_64/winavr/lib/gcc/../../avr/include/avr/delay.h:37,
                 from ../LCD_program.c:6:
e:/embedded_iti/01-embedded systems avr tools/01- imt sdk/imt_sdk_win_64/winavr/lib/gcc/../../avr/include/util/delay.h:90:3: warning: #warning "Compiler optimizations disabled; functions from <util/delay.h> won't work as designed"
Finished building: ../LCD_program.c
 
Building file: ../TIMER0_programe.c
Invoking: AVR Compiler
avr-gcc -Wall -g2 -gstabs -O0 -fpack-struct -fshort-enums -ffunction-sections -fdata-sections -std=gnu99 -funsigned-char -funsigned-bitfields -mmcu=atmega32 -DF_CPU=8000000UL -MMD -MP -MF"TIMER0_programe.d" -MT"TIMER0_programe.o" -c -o "TIMER0_programe.o" "../TIMER0_programe.c"
Finished building: ../TIMER0_programe.c
 
Building file: ../TIMER1_program.c
Invoking: AVR Compiler
avr-gcc -Wall -g2 -gstabs -O0 -fpack-struct -fshort-enums -ffunction-sections -fdata-sections -std=gnu99 -funsigned-char -funsigned-bitfields -mmcu=atmega32 -DF_CPU=8000000UL -MMD -MP -MF"TIMER1_program.d" -MT"TIMER1_program.o" -c -o "TIMER1_program.o" "../TIMER1_program.c"
Finished building: ../TIMER1_program.c
 
Building file: ../main.c
Invoking: AVR Compiler
avr-gcc -Wall -g2 -gstabs -O0 -fpack-struct -fshort-enums -ffunction-sections -fdata-sections -std=gnu99 -funsigned-char -funsigned-bitfields -mmcu=atmega32 -DF_CPU=8000000UL -MMD -MP -MF"main.d" -MT"main.o" -c -o "main.o" "../main.c"
In file included from ../main.c:82:
e:/embedded_iti/01-embedded systems avr tools/01- imt sdk/imt_sdk_win_64/winavr/lib/gcc/../../avr/include/util/delay.h:90:3: warning: #warning "Compiler optimizations disabled; functions from <util/delay.h> won't work as designed"
../main.c: In function 'main':
../main.c:133: warning: pointer targets in passing argument 1 of 'LCD_voidWriteString' differ in signedness
../main.c:134: warning: pointer targets in passing argument 1 of 'LCD_voidWriteString' differ in signedness
../main.c:135: warning: pointer targets in passing argument 1 of 'LCD_voidWriteString' differ in signedness
../main.c:138: warning: pointer targets in passing argument 1 of 'LCD_voidWriteString' differ in signedness
../main.c:139: warning: pointer targets in passing argument 1 of 'LCD_voidWriteString' differ in signedness
../main.c:140: warning: pointer targets in passing argument 1 of 'LCD_voidWriteString' differ in signedness
../main.c:147: warning: pointer targets in passing argument 1 of 'LCD_voidWriteString' differ in signedness
Finished building: ../main.c
 
Building target: ICU_driver.elf
Invoking: AVR C Linker
avr-gcc -Wl,-Map,ICU_driver.map -mmcu=atmega32 -o "ICU_driver.elf"  ./DIO_program.o ./GIE_program.o ./LCD_program.o ./TIMER0_programe.o ./TIMER1_program.o ./main.o   
Finished building target: ICU_driver.elf
 
Invoking: AVR Create Extended Listing
avr-objdump -h -S ICU_driver.elf  >"ICU_driver.lss"
Finished building: ICU_driver.lss
 
Create Flash image (ihex format)
avr-objcopy -R .eeprom -R .fuse -R .lock -R .signature -O ihex ICU_driver.elf  "ICU_driver.hex"
Finished building: ICU_driver.hex
 
Invoking: Print Size
avr-size --format=avr --mcu=atmega32 ICU_driver.elf
AVR Memory Usage
----------------
Device: atmega32

Program:   12510 bytes (38.2% Full)
(.text + .data + .bootloader)

Data:        354 bytes (17.3% Full)
(.data + .bss + .noinit)


Finished building: sizedummy
 

21:18:40 Build Finished (took 1s.681ms)

